{"level":"info","message":{"body":{},"ip":"::1","method":"GET","path":"/","query":{},"userAgent":"Mozilla/5.0 (Macintosh; Intel Mac OS X 10_15_7) AppleWebKit/537.36 (KHTML, like Gecko) Chrome/129.0.0.0 Safari/537.36"},"timestamp":"2024-10-23T00:18:05.223Z"}
{"level":"info","message":{"body":{},"ip":"::1","method":"GET","path":"/","query":{},"userAgent":"Mozilla/5.0 (Macintosh; Intel Mac OS X 10_15_7) AppleWebKit/537.36 (KHTML, like Gecko) Chrome/129.0.0.0 Safari/537.36"},"timestamp":"2024-10-23T00:18:05.717Z"}
{"level":"info","message":{"body":{},"ip":"::1","method":"GET","path":"/login","query":{},"userAgent":"Mozilla/5.0 (Macintosh; Intel Mac OS X 10_15_7) AppleWebKit/537.36 (KHTML, like Gecko) Chrome/129.0.0.0 Safari/537.36"},"timestamp":"2024-10-23T00:18:09.591Z"}
{"level":"info","message":{"body":{},"ip":"::1","method":"GET","path":"/register","query":{},"userAgent":"Mozilla/5.0 (Macintosh; Intel Mac OS X 10_15_7) AppleWebKit/537.36 (KHTML, like Gecko) Chrome/129.0.0.0 Safari/537.36"},"timestamp":"2024-10-23T00:18:14.192Z"}
{"level":"info","message":{"body":{},"ip":"::1","method":"GET","path":"/","query":{},"userAgent":"Mozilla/5.0 (Macintosh; Intel Mac OS X 10_15_7) AppleWebKit/537.36 (KHTML, like Gecko) Chrome/129.0.0.0 Safari/537.36"},"timestamp":"2024-10-23T03:36:22.083Z"}
{"level":"info","message":{"body":{},"ip":"::1","method":"GET","path":"/","query":{},"userAgent":"Mozilla/5.0 (Macintosh; Intel Mac OS X 10_15_7) AppleWebKit/537.36 (KHTML, like Gecko) Chrome/129.0.0.0 Safari/537.36"},"timestamp":"2024-10-23T03:36:24.741Z"}
{"level":"info","message":{"body":{"email":"praganmini189@gmail.com","password":"Pragan28","username":"pragadeesh"},"ip":"::1","method":"POST","path":"/auth/register","query":{},"userAgent":"Expo/2.31.6 CFNetwork/1568.100.1 Darwin/24.0.0"},"timestamp":"2024-10-23T03:50:30.355Z"}
{"level":"info","message":{"method":"POST","path":"/register","statusCode":500},"timestamp":"2024-10-23T03:50:30.977Z"}
{"level":"info","message":{"body":{"email":"praganmini189@gmail.com","password":"Pragan28","username":"pragadeesh"},"ip":"::1","method":"POST","path":"/auth/register","query":{},"userAgent":"Expo/2.31.6 CFNetwork/1568.100.1 Darwin/24.0.0"},"timestamp":"2024-10-23T03:56:28.053Z"}
{"level":"info","message":{"method":"POST","path":"/register","statusCode":500},"timestamp":"2024-10-23T03:56:28.401Z"}
{"level":"info","message":{"body":{"email":"praganmini189@gmail.com","password":"Pragan28","username":"pragadeesh"},"ip":"::1","method":"POST","path":"/auth/register","query":{},"userAgent":"Expo/2.31.6 CFNetwork/1568.100.1 Darwin/24.0.0"},"timestamp":"2024-10-23T03:57:12.414Z"}
{"level":"info","message":{"method":"POST","path":"/register","statusCode":500},"timestamp":"2024-10-23T03:57:12.943Z"}
{"level":"info","message":{"body":{"email":"praganmini189@gmail.com","password":"Pragan28!","userName":"Pragadeesh"},"ip":"::1","method":"POST","path":"/auth/register","query":{},"userAgent":"Expo/2.31.6 CFNetwork/1568.100.1 Darwin/24.0.0"},"timestamp":"2024-10-23T04:02:27.360Z"}
{"level":"info","message":{"method":"POST","path":"/register","statusCode":201},"timestamp":"2024-10-23T04:02:28.261Z"}
{"level":"info","message":{"body":{"email":"praganmini189@gmail.com","password":"Pragan28!","userName":"Pragadeesh"},"ip":"::1","method":"POST","path":"/auth/register","query":{},"userAgent":"Expo/2.31.6 CFNetwork/1568.100.1 Darwin/24.0.0"},"timestamp":"2024-10-23T04:04:50.437Z"}
{"level":"info","message":{"method":"POST","path":"/register","statusCode":201},"timestamp":"2024-10-23T04:04:51.089Z"}
{"level":"info","message":{"body":{"email":"praganmini189@gmail.com","password":"Pragan28","userName":"Pragadeesh"},"ip":"::1","method":"POST","path":"/auth/register","query":{},"userAgent":"Expo/2.31.6 CFNetwork/1568.100.1 Darwin/24.0.0"},"timestamp":"2024-10-23T04:12:20.625Z"}
{"level":"info","message":{"method":"POST","path":"/register","statusCode":201},"timestamp":"2024-10-23T04:12:21.365Z"}
{"level":"info","message":{"body":{"email":"praganmini189@gmail.com","password":"pragan28","userName":"pragadeesh"},"ip":"::1","method":"POST","path":"/auth/register","query":{},"userAgent":"Expo/2.31.6 CFNetwork/1568.100.1 Darwin/24.0.0"},"timestamp":"2024-10-23T04:15:27.802Z"}
{"level":"info","message":{"method":"POST","path":"/register","statusCode":400},"timestamp":"2024-10-23T04:15:27.815Z"}
{"level":"info","message":{"body":{"email":"pragan189@gmail.com","password":"Pragan28!","userName":"Pragadeesh"},"ip":"::1","method":"POST","path":"/auth/register","query":{},"userAgent":"Expo/2.31.6 CFNetwork/1568.100.1 Darwin/24.0.0"},"timestamp":"2024-10-23T04:16:27.444Z"}
{"level":"info","message":{"method":"POST","path":"/register","statusCode":201},"timestamp":"2024-10-23T04:16:28.149Z"}
{"level":"info","message":{"body":{"email":"whatever@gmail.com","password":"Pragan28!","userName":"Pragadeesh"},"ip":"::1","method":"POST","path":"/auth/register","query":{},"userAgent":"Expo/2.31.6 CFNetwork/1568.100.1 Darwin/24.0.0"},"timestamp":"2024-10-23T04:17:29.683Z"}
{"level":"info","message":{"method":"POST","path":"/register","statusCode":201},"timestamp":"2024-10-23T04:17:30.414Z"}
{"level":"info","message":{"body":{"email":"praganmini189@gmail.com","password":"Pragan28!","userName":"Pragadeesh"},"ip":"::1","method":"POST","path":"/auth/register","query":{},"userAgent":"Expo/2.31.6 CFNetwork/1568.100.1 Darwin/24.0.0"},"timestamp":"2024-10-23T04:24:05.226Z"}
{"level":"info","message":{"method":"POST","path":"/register","statusCode":201},"timestamp":"2024-10-23T04:24:05.871Z"}
{"level":"info","message":{"body":{"email":"praganmini189@gmail.com","password":"Pragan28!"},"ip":"::1","method":"POST","path":"/auth/login","query":{},"userAgent":"Expo/2.31.6 CFNetwork/1568.100.1 Darwin/24.0.0"},"timestamp":"2024-10-23T04:46:51.526Z"}
{"level":"info","message":{"method":"POST","path":"/login","statusCode":200},"timestamp":"2024-10-23T04:46:51.880Z"}
{"level":"info","message":{"body":{"email":"praganmini189@gmail.com","password":"Pragan28!"},"ip":"::1","method":"POST","path":"/auth/login","query":{},"userAgent":"Expo/2.31.6 CFNetwork/1568.100.1 Darwin/24.0.0"},"timestamp":"2024-10-23T04:47:37.040Z"}
{"level":"info","message":{"method":"POST","path":"/login","statusCode":200},"timestamp":"2024-10-23T04:47:37.314Z"}
{"level":"info","message":{"body":{"email":"praganmini189@gmail.com","password":"Pragan28!"},"ip":"::1","method":"POST","path":"/auth/login","query":{},"userAgent":"Expo/2.31.6 CFNetwork/1568.100.1 Darwin/24.0.0"},"timestamp":"2024-10-23T04:51:16.957Z"}
{"level":"info","message":{"method":"POST","path":"/login","statusCode":200},"timestamp":"2024-10-23T04:51:17.203Z"}
{"level":"info","message":{"body":{"email":"praganmini189@gmail.com","password":"Pragan28!"},"ip":"::1","method":"POST","path":"/auth/login","query":{},"userAgent":"Expo/2.31.6 CFNetwork/1568.100.1 Darwin/24.0.0"},"timestamp":"2024-10-23T04:52:14.689Z"}
{"level":"info","message":{"method":"POST","path":"/login","statusCode":200},"timestamp":"2024-10-23T04:52:14.980Z"}
{"level":"info","message":{"body":{"email":"praganmini189@gmail.com","password":"Pragan28!"},"ip":"::1","method":"POST","path":"/auth/login","query":{},"userAgent":"Expo/2.31.6 CFNetwork/1568.100.1 Darwin/24.0.0"},"timestamp":"2024-10-23T04:52:36.581Z"}
{"level":"info","message":{"method":"POST","path":"/login","statusCode":200},"timestamp":"2024-10-23T04:52:36.773Z"}
{"level":"info","message":{"body":{"email":"praganmini189@gmail.com","password":"Pragan28!"},"ip":"::1","method":"POST","path":"/auth/login","query":{},"userAgent":"Expo/2.31.6 CFNetwork/1568.100.1 Darwin/24.0.0"},"timestamp":"2024-10-23T04:53:56.937Z"}
{"level":"info","message":{"method":"POST","path":"/login","statusCode":200},"timestamp":"2024-10-23T04:53:57.137Z"}
{"level":"info","message":{"body":{"email":"praganmini189@gmail.com","password":"Pragan28!"},"ip":"::1","method":"POST","path":"/auth/login","query":{},"userAgent":"Expo/2.31.6 CFNetwork/1568.100.1 Darwin/24.0.0"},"timestamp":"2024-10-23T04:54:29.187Z"}
{"level":"info","message":{"method":"POST","path":"/login","statusCode":200},"timestamp":"2024-10-23T04:54:29.398Z"}
{"level":"info","message":{"body":{"email":"praganmini189@gmail.com","password":"Pragan28!"},"ip":"::1","method":"POST","path":"/auth/login","query":{},"userAgent":"Expo/2.31.6 CFNetwork/1568.100.1 Darwin/24.0.0"},"timestamp":"2024-10-23T04:57:57.467Z"}
{"level":"info","message":{"method":"POST","path":"/login","statusCode":401},"timestamp":"2024-10-23T04:57:57.604Z"}
{"level":"info","message":{"body":{"email":"praganmini189@gmail.com","password":"Pragan28!"},"ip":"::1","method":"POST","path":"/auth/login","query":{},"userAgent":"Expo/2.31.6 CFNetwork/1568.100.1 Darwin/24.0.0"},"timestamp":"2024-10-23T04:58:07.487Z"}
{"level":"info","message":{"method":"POST","path":"/login","statusCode":401},"timestamp":"2024-10-23T04:58:07.557Z"}
{"level":"info","message":{"body":{"email":"praganmini189@gmail.com","password":"Pragan28!"},"ip":"::1","method":"POST","path":"/auth/login","query":{},"userAgent":"Expo/2.31.6 CFNetwork/1568.100.1 Darwin/24.0.0"},"timestamp":"2024-10-23T04:58:26.340Z"}
{"level":"info","message":{"method":"POST","path":"/login","statusCode":401},"timestamp":"2024-10-23T04:58:26.408Z"}
{"level":"info","message":{"body":{"email":"praganmini189@gmail.com","password":"Pragan28!"},"ip":"::1","method":"POST","path":"/auth/login","query":{},"userAgent":"Expo/2.31.6 CFNetwork/1568.100.1 Darwin/24.0.0"},"timestamp":"2024-10-23T04:58:28.608Z"}
{"level":"info","message":{"method":"POST","path":"/login","statusCode":401},"timestamp":"2024-10-23T04:58:28.635Z"}
{"level":"info","message":{"body":{"email":"praganmini189@gmail.com","password":"Pragan28!"},"ip":"::1","method":"POST","path":"/auth/login","query":{},"userAgent":"Expo/2.31.6 CFNetwork/1568.100.1 Darwin/24.0.0"},"timestamp":"2024-10-23T04:58:53.562Z"}
{"level":"info","message":{"method":"POST","path":"/login","statusCode":401},"timestamp":"2024-10-23T04:58:53.632Z"}
{"level":"info","message":{"body":{"email":"praganmini189@gmail.com","password":"pragan28"},"ip":"::1","method":"POST","path":"/auth/login","query":{},"userAgent":"Expo/2.31.6 CFNetwork/1568.100.1 Darwin/24.0.0"},"timestamp":"2024-10-23T04:58:59.745Z"}
{"level":"info","message":{"method":"POST","path":"/login","statusCode":401},"timestamp":"2024-10-23T04:58:59.814Z"}
{"level":"info","message":{"body":{"email":"pragan189@gmail.com","password":"Testing12!","userName":"PraganVS"},"ip":"::1","method":"POST","path":"/auth/register","query":{},"userAgent":"Expo/2.31.6 CFNetwork/1568.100.1 Darwin/24.0.0"},"timestamp":"2024-10-23T05:00:33.157Z"}
{"level":"info","message":{"method":"POST","path":"/register","statusCode":201},"timestamp":"2024-10-23T05:00:34.184Z"}
{"level":"info","message":{"body":{"email":"pragan189@gmail.com","password":"Testing12!"},"ip":"::1","method":"POST","path":"/auth/login","query":{},"userAgent":"Expo/2.31.6 CFNetwork/1568.100.1 Darwin/24.0.0"},"timestamp":"2024-10-23T05:01:10.761Z"}
{"level":"info","message":{"method":"POST","path":"/login","statusCode":401},"timestamp":"2024-10-23T05:01:10.839Z"}
{"level":"info","message":{"body":{"email":"pragan189@gmail.com","password":"Testing12!"},"ip":"::1","method":"POST","path":"/auth/login","query":{},"userAgent":"Expo/2.31.6 CFNetwork/1568.100.1 Darwin/24.0.0"},"timestamp":"2024-10-23T05:01:48.907Z"}
{"level":"info","message":{"method":"POST","path":"/login","statusCode":401},"timestamp":"2024-10-23T05:01:48.980Z"}
{"level":"info","message":{"body":{"email":"pragan189@gmail.com","password":"Testing12!"},"ip":"::1","method":"POST","path":"/auth/login","query":{},"userAgent":"Expo/2.31.6 CFNetwork/1568.100.1 Darwin/24.0.0"},"timestamp":"2024-10-23T05:02:38.544Z"}
{"level":"info","message":{"method":"POST","path":"/login","statusCode":401},"timestamp":"2024-10-23T05:02:38.628Z"}
{"level":"info","message":{"body":{"email":"pragan189@gmail.com","password":"Testing12!"},"ip":"::1","method":"POST","path":"/auth/login","query":{},"userAgent":"Expo/2.31.6 CFNetwork/1568.100.1 Darwin/24.0.0"},"timestamp":"2024-10-23T05:03:05.696Z"}
{"level":"info","message":{"method":"POST","path":"/login","statusCode":401},"timestamp":"2024-10-23T05:03:05.772Z"}
{"level":"info","message":{"body":{"email":"pragan189@gmail.com","password":"Testing12!"},"ip":"::1","method":"POST","path":"/auth/login","query":{},"userAgent":"Expo/2.31.6 CFNetwork/1568.100.1 Darwin/24.0.0"},"timestamp":"2024-10-23T05:03:25.119Z"}
{"level":"info","message":{"method":"POST","path":"/login","statusCode":401},"timestamp":"2024-10-23T05:03:25.191Z"}
{"level":"info","message":{"body":{"email":"pragan189@gmail.com","password":"Testing12!"},"ip":"::1","method":"POST","path":"/auth/login","query":{},"userAgent":"Expo/2.31.6 CFNetwork/1568.100.1 Darwin/24.0.0"},"timestamp":"2024-10-23T05:04:48.925Z"}
{"level":"info","message":{"method":"POST","path":"/login","statusCode":401},"timestamp":"2024-10-23T05:04:49.019Z"}
{"level":"info","message":{"body":{"email":"pragan189@gmail.com","password":"Testing12!"},"ip":"::1","method":"POST","path":"/auth/login","query":{},"userAgent":"Expo/2.31.6 CFNetwork/1568.100.1 Darwin/24.0.0"},"timestamp":"2024-10-23T05:04:54.339Z"}
{"level":"info","message":{"method":"POST","path":"/login","statusCode":401},"timestamp":"2024-10-23T05:04:54.409Z"}
{"level":"info","message":{"body":{"email":"pragan189@gmail.com","password":"Testing12!"},"ip":"::1","method":"POST","path":"/auth/login","query":{},"userAgent":"Expo/2.31.6 CFNetwork/1568.100.1 Darwin/24.0.0"},"timestamp":"2024-10-23T05:05:36.225Z"}
{"level":"info","message":{"method":"POST","path":"/login","statusCode":401},"timestamp":"2024-10-23T05:05:36.341Z"}
{"level":"info","message":{"body":{"email":"pragan189@gmail.com","password":"Testing12!"},"ip":"::1","method":"POST","path":"/auth/login","query":{},"userAgent":"Expo/2.31.6 CFNetwork/1568.100.1 Darwin/24.0.0"},"timestamp":"2024-10-23T05:07:20.821Z"}
{"level":"info","message":{"method":"POST","path":"/login","statusCode":401},"timestamp":"2024-10-23T05:07:20.914Z"}
{"level":"info","message":{"body":{"email":"pragan189@gmail.com","password":"Testing12!"},"ip":"::1","method":"POST","path":"/auth/login","query":{},"userAgent":"Expo/2.31.6 CFNetwork/1568.100.1 Darwin/24.0.0"},"timestamp":"2024-10-23T05:07:22.521Z"}
{"level":"info","message":{"method":"POST","path":"/login","statusCode":401},"timestamp":"2024-10-23T05:07:22.551Z"}
{"level":"info","message":{"body":{"email":"pragan189@gmail.com","password":"Testing12!"},"ip":"::1","method":"POST","path":"/auth/login","query":{},"userAgent":"Expo/2.31.6 CFNetwork/1568.100.1 Darwin/24.0.0"},"timestamp":"2024-10-23T05:07:23.173Z"}
{"level":"info","message":{"method":"POST","path":"/login","statusCode":401},"timestamp":"2024-10-23T05:07:23.216Z"}
{"level":"info","message":{"body":{"email":"pragan189@gmail.com","password":"Testing12!"},"ip":"::1","method":"POST","path":"/auth/login","query":{},"userAgent":"Expo/2.31.6 CFNetwork/1568.100.1 Darwin/24.0.0"},"timestamp":"2024-10-23T05:07:23.888Z"}
{"level":"info","message":{"method":"POST","path":"/login","statusCode":401},"timestamp":"2024-10-23T05:07:23.916Z"}
{"level":"info","message":{"body":{"email":"praganmini189@gmail.com","password":"Pragan28!"},"ip":"::1","method":"POST","path":"/auth/login","query":{},"userAgent":"Expo/2.31.6 CFNetwork/1568.100.1 Darwin/24.0.0"},"timestamp":"2024-10-23T05:09:04.046Z"}
{"level":"info","message":{"method":"POST","path":"/login","statusCode":401},"timestamp":"2024-10-23T05:09:04.144Z"}
{"level":"info","message":{"body":{"email":"praganmini189@gmail.com","password":"Pragan28!"},"ip":"::1","method":"POST","path":"/auth/login","query":{},"userAgent":"Expo/2.31.6 CFNetwork/1568.100.1 Darwin/24.0.0"},"timestamp":"2024-10-23T05:09:29.957Z"}
{"level":"info","message":{"method":"POST","path":"/login","statusCode":401},"timestamp":"2024-10-23T05:09:30.057Z"}
{"level":"info","message":{"body":{"email":"praganmini189@gmail.com","password":"Pragan28!"},"ip":"::1","method":"POST","path":"/auth/login","query":{},"userAgent":"Expo/2.31.6 CFNetwork/1568.100.1 Darwin/24.0.0"},"timestamp":"2024-10-23T05:09:37.012Z"}
{"level":"info","message":{"method":"POST","path":"/login","statusCode":401},"timestamp":"2024-10-23T05:09:37.081Z"}
{"level":"info","message":{"body":{"email":"praganmini189@gmail.com","password":"Pragan28!"},"ip":"::1","method":"POST","path":"/auth/login","query":{},"userAgent":"Expo/2.31.6 CFNetwork/1568.100.1 Darwin/24.0.0"},"timestamp":"2024-10-23T05:09:41.039Z"}
{"level":"info","message":{"method":"POST","path":"/login","statusCode":401},"timestamp":"2024-10-23T05:09:41.080Z"}
{"level":"info","message":{"body":{"email":"praganmini189@gmail.com","password":"Pragan28!"},"ip":"::1","method":"POST","path":"/auth/login","query":{},"userAgent":"Expo/2.31.6 CFNetwork/1568.100.1 Darwin/24.0.0"},"timestamp":"2024-10-23T05:10:53.526Z"}
{"level":"info","message":{"method":"POST","path":"/login","statusCode":401},"timestamp":"2024-10-23T05:10:53.620Z"}
{"level":"info","message":{"body":{"email":"praganmini189@gmail.com","password":"Pragan28!"},"ip":"::1","method":"POST","path":"/auth/login","query":{},"userAgent":"Expo/2.31.6 CFNetwork/1568.100.1 Darwin/24.0.0"},"timestamp":"2024-10-23T05:10:57.002Z"}
{"level":"info","message":{"method":"POST","path":"/login","statusCode":401},"timestamp":"2024-10-23T05:10:57.035Z"}
{"level":"info","message":{"body":{"email":"praganmini189@gmail.com","password":"Pragan28!"},"ip":"::1","method":"POST","path":"/auth/login","query":{},"userAgent":"Expo/2.31.6 CFNetwork/1568.100.1 Darwin/24.0.0"},"timestamp":"2024-10-23T05:11:56.185Z"}
{"level":"info","message":{"method":"POST","path":"/login","statusCode":401},"timestamp":"2024-10-23T05:11:56.264Z"}
{"level":"info","message":{"body":{"email":"praganmini189@gmail.com","password":"Pragan28!"},"ip":"::1","method":"POST","path":"/auth/login","query":{},"userAgent":"Expo/2.31.6 CFNetwork/1568.100.1 Darwin/24.0.0"},"timestamp":"2024-10-23T05:11:57.265Z"}
{"level":"info","message":{"method":"POST","path":"/login","statusCode":401},"timestamp":"2024-10-23T05:11:57.293Z"}
{"level":"info","message":{"body":{"email":"praganmini189@gmail.com","password":"Pragan28!"},"ip":"::1","method":"POST","path":"/auth/login","query":{},"userAgent":"Expo/2.31.6 CFNetwork/1568.100.1 Darwin/24.0.0"},"timestamp":"2024-10-23T05:17:11.040Z"}
{"level":"info","message":{"method":"POST","path":"/login","statusCode":401},"timestamp":"2024-10-23T05:17:11.127Z"}
{"level":"info","message":{"body":{"email":"praganmini189@gmail.com","password":"Pragan28!"},"ip":"::1","method":"POST","path":"/auth/login","query":{},"userAgent":"Expo/2.31.6 CFNetwork/1568.100.1 Darwin/24.0.0"},"timestamp":"2024-10-23T05:17:19.144Z"}
{"level":"info","message":{"method":"POST","path":"/login","statusCode":401},"timestamp":"2024-10-23T05:17:19.218Z"}
{"level":"info","message":{"body":{"email":"praganmini189@gmail.com","password":"Pragan28!"},"ip":"::1","method":"POST","path":"/auth/login","query":{},"userAgent":"Expo/2.31.6 CFNetwork/1568.100.1 Darwin/24.0.0"},"timestamp":"2024-10-23T05:19:39.454Z"}
{"level":"info","message":{"method":"POST","path":"/login","statusCode":401},"timestamp":"2024-10-23T05:19:39.604Z"}
{"level":"info","message":{"body":{"email":"praganmini189@gmail.com","password":"Pragan28!"},"ip":"::1","method":"POST","path":"/auth/login","query":{},"userAgent":"Expo/2.31.6 CFNetwork/1568.100.1 Darwin/24.0.0"},"timestamp":"2024-10-23T05:20:47.393Z"}
{"level":"info","message":{"method":"POST","path":"/login","statusCode":200},"timestamp":"2024-10-23T05:20:48.067Z"}
{"level":"info","message":{"body":{"email":"pragan189@gmail.com","password":"Testing12!"},"ip":"::1","method":"POST","path":"/auth/login","query":{},"userAgent":"Expo/2.31.6 CFNetwork/1568.100.1 Darwin/24.0.0"},"timestamp":"2024-10-23T05:21:48.904Z"}
{"level":"info","message":{"method":"POST","path":"/login","statusCode":200},"timestamp":"2024-10-23T05:21:49.262Z"}
{"level":"info","message":{"body":{"email":"","password":""},"ip":"::1","method":"POST","path":"/auth/login","query":{},"userAgent":"Expo/2.31.6 CFNetwork/1568.100.1 Darwin/24.0.0"},"timestamp":"2024-10-23T05:22:58.181Z"}
{"level":"info","message":{"method":"POST","path":"/login","statusCode":400},"timestamp":"2024-10-23T05:22:58.185Z"}
{"level":"info","message":{"body":{"email":"pragan189@gmail.com","password":"Testing12!"},"ip":"::1","method":"POST","path":"/auth/login","query":{},"userAgent":"Expo/2.31.6 CFNetwork/1568.100.1 Darwin/24.0.0"},"timestamp":"2024-10-23T05:23:34.946Z"}
{"level":"info","message":{"method":"POST","path":"/login","statusCode":200},"timestamp":"2024-10-23T05:23:35.269Z"}
{"level":"info","message":{"body":{"email":"pragan189@gmail.com","password":"Testing12!"},"ip":"::1","method":"POST","path":"/auth/login","query":{},"userAgent":"Expo/2.31.6 CFNetwork/1568.100.1 Darwin/24.0.0"},"timestamp":"2024-10-23T05:26:10.559Z"}
{"level":"info","message":{"method":"POST","path":"/login","statusCode":200},"timestamp":"2024-10-23T05:26:11.197Z"}
{"level":"info","message":{"body":{"email":"praganmini189@gmail.com","password":"Pragan28!"},"ip":"::1","method":"POST","path":"/auth/login","query":{},"userAgent":"Expo/2.31.6 CFNetwork/1568.100.1 Darwin/24.0.0"},"timestamp":"2024-10-23T19:17:15.567Z"}
{"level":"info","message":{"method":"POST","path":"/login","statusCode":200},"timestamp":"2024-10-23T19:17:16.469Z"}
{"level":"info","message":{"body":{"email":"praganmini189@gmail.com","password":"Pragan28!"},"ip":"::1","method":"POST","path":"/auth/login","query":{},"userAgent":"Expo/2.31.6 CFNetwork/1568.100.1 Darwin/24.0.0"},"timestamp":"2024-10-23T19:18:51.842Z"}
{"level":"info","message":{"method":"POST","path":"/login","statusCode":200},"timestamp":"2024-10-23T19:18:52.241Z"}
{"level":"info","message":{"body":{"email":"pragan189@gmail.com","password":"Pragan28!"},"ip":"::1","method":"POST","path":"/auth/login","query":{},"userAgent":"Expo/2.31.6 CFNetwork/1568.100.1 Darwin/24.0.0"},"timestamp":"2024-10-23T19:39:04.406Z"}
{"level":"info","message":{"method":"POST","path":"/login","statusCode":401},"timestamp":"2024-10-23T19:39:04.555Z"}
{"level":"info","message":{"body":{"email":"pragan189@gmail.com","password":"Testing12!"},"ip":"::1","method":"POST","path":"/auth/login","query":{},"userAgent":"Expo/2.31.6 CFNetwork/1568.100.1 Darwin/24.0.0"},"timestamp":"2024-10-23T19:39:21.663Z"}
{"level":"info","message":{"method":"POST","path":"/login","statusCode":200},"timestamp":"2024-10-23T19:39:22.155Z"}
{"level":"info","message":{"body":{"email":"praganmini189@gmail.com","password":"Pragan28!"},"ip":"::ffff:127.0.0.1","method":"POST","path":"/auth/login","query":{},"userAgent":"okhttp/4.9.2"},"timestamp":"2024-10-23T19:42:10.849Z"}
{"level":"info","message":{"method":"POST","path":"/login","statusCode":200},"timestamp":"2024-10-23T19:42:11.207Z"}
{"level":"info","message":{"body":{"email":"praganmini189@gmail.com","password":"Pragan28!"},"ip":"::1","method":"POST","path":"/auth/login","query":{},"userAgent":"Expo/2.31.6 CFNetwork/1568.100.1 Darwin/24.0.0"},"timestamp":"2024-10-23T20:45:21.415Z"}
{"level":"info","message":{"method":"POST","path":"/login","statusCode":200},"timestamp":"2024-10-23T20:45:21.939Z"}
{"level":"info","message":{"body":{"email":"pragan189@gmail.com","password":"Testing12!"},"ip":"::ffff:127.0.0.1","method":"POST","path":"/auth/login","query":{},"userAgent":"okhttp/4.9.2"},"timestamp":"2024-10-23T20:46:00.072Z"}
{"level":"info","message":{"method":"POST","path":"/login","statusCode":200},"timestamp":"2024-10-23T20:46:00.462Z"}
{"level":"info","message":{"body":{"email":"pragan189@gmail.com","password":"Testing12!"},"ip":"::1","method":"POST","path":"/auth/login","query":{},"userAgent":"Expo/2.31.6 CFNetwork/1568.100.1 Darwin/24.0.0"},"timestamp":"2024-10-23T20:51:46.527Z"}
{"level":"info","message":{"method":"POST","path":"/login","statusCode":200},"timestamp":"2024-10-23T20:51:46.916Z"}
{"level":"info","message":{"body":{"email":"praganmini189gmail.com","password":"Pragan28!"},"ip":"::ffff:127.0.0.1","method":"POST","path":"/auth/login","query":{},"userAgent":"okhttp/4.9.2"},"timestamp":"2024-10-24T01:02:44.856Z"}
{"level":"info","message":{"method":"POST","path":"/login","statusCode":400},"timestamp":"2024-10-24T01:02:44.896Z"}
{"level":"info","message":{"body":{"email":"praganmini189gmail.com","password":"Pragan28!"},"ip":"::ffff:127.0.0.1","method":"POST","path":"/auth/login","query":{},"userAgent":"okhttp/4.9.2"},"timestamp":"2024-10-24T01:03:15.814Z"}
{"level":"info","message":{"method":"POST","path":"/login","statusCode":400},"timestamp":"2024-10-24T01:03:15.817Z"}
{"level":"info","message":{"body":{"email":"praganmini189@gmail.com","password":"Pragan28!"},"ip":"::1","method":"POST","path":"/auth/login","query":{},"userAgent":"Expo/2.31.6 CFNetwork/1568.100.1 Darwin/24.0.0"},"timestamp":"2024-10-24T01:03:33.003Z"}
{"level":"info","message":{"method":"POST","path":"/login","statusCode":200},"timestamp":"2024-10-24T01:03:33.562Z"}
{"level":"info","message":{"body":{"email":"pragan189@gmail.com","password":"Testing12!"},"ip":"::ffff:127.0.0.1","method":"POST","path":"/auth/login","query":{},"userAgent":"okhttp/4.9.2"},"timestamp":"2024-10-24T01:03:53.177Z"}
{"level":"info","message":{"method":"POST","path":"/login","statusCode":200},"timestamp":"2024-10-24T01:03:53.478Z"}
{"level":"info","message":{"body":{"email":"praganmini189@gmail.com","password":"Pragan28!"},"ip":"::ffff:127.0.0.1","method":"POST","path":"/auth/login","query":{},"userAgent":"okhttp/4.9.2"},"timestamp":"2024-10-24T01:04:11.527Z"}
{"level":"info","message":{"method":"POST","path":"/login","statusCode":200},"timestamp":"2024-10-24T01:04:11.857Z"}
{"level":"info","message":{"body":{"email":"test@test.com","password":"Testing12!","userName":"test"},"ip":"::1","method":"POST","path":"/auth/register","query":{},"userAgent":"Expo/2.31.6 CFNetwork/1568.100.1 Darwin/24.0.0"},"timestamp":"2024-10-24T01:05:31.158Z"}
{"level":"info","message":{"method":"POST","path":"/register","statusCode":201},"timestamp":"2024-10-24T01:05:31.919Z"}
{"level":"info","message":{"body":{"email":"test@test.com","password":"Testing12!"},"ip":"::1","method":"POST","path":"/auth/login","query":{},"userAgent":"Expo/2.31.6 CFNetwork/1568.100.1 Darwin/24.0.0"},"timestamp":"2024-10-24T01:05:44.570Z"}
{"level":"info","message":{"method":"POST","path":"/login","statusCode":200},"timestamp":"2024-10-24T01:05:44.894Z"}
{"level":"info","message":{"body":{"email":"","password":""},"ip":"::ffff:127.0.0.1","method":"POST","path":"/auth/login","query":{},"userAgent":"okhttp/4.9.2"},"timestamp":"2024-10-24T01:18:19.640Z"}
{"level":"info","message":{"method":"POST","path":"/login","statusCode":400},"timestamp":"2024-10-24T01:18:19.706Z"}
{"level":"info","message":{"body":{"email":"","password":""},"ip":"::ffff:127.0.0.1","method":"POST","path":"/auth/login","query":{},"userAgent":"okhttp/4.9.2"},"timestamp":"2024-10-24T01:18:19.797Z"}
{"level":"info","message":{"method":"POST","path":"/login","statusCode":400},"timestamp":"2024-10-24T01:18:19.798Z"}
{"level":"info","message":{"body":{"email":"praganmini189@gmail.com","password":"Pragan28!"},"ip":"::1","method":"POST","path":"/auth/login","query":{},"userAgent":"Expo/2.31.6 CFNetwork/1568.100.1 Darwin/24.0.0"},"timestamp":"2024-10-24T02:12:25.184Z"}
{"level":"info","message":{"method":"POST","path":"/login","statusCode":200},"timestamp":"2024-10-24T02:12:25.949Z"}
{"level":"info","message":{"body":{"email":"pragan189@gmail.com","password":"Testing12!"},"ip":"::1","method":"POST","path":"/auth/login","query":{},"userAgent":"Expo/2.31.6 CFNetwork/1568.100.1 Darwin/24.0.0"},"timestamp":"2024-10-24T02:12:39.698Z"}
{"level":"info","message":{"method":"POST","path":"/login","statusCode":200},"timestamp":"2024-10-24T02:12:40.063Z"}
{"level":"info","message":{"body":{"email":"test@test.com","password":"Testing12!"},"ip":"::1","method":"POST","path":"/auth/login","query":{},"userAgent":"Expo/2.31.6 CFNetwork/1568.100.1 Darwin/24.0.0"},"timestamp":"2024-10-24T02:13:06.374Z"}
{"level":"info","message":{"method":"POST","path":"/login","statusCode":200},"timestamp":"2024-10-24T02:13:06.674Z"}
{"level":"info","message":{"body":{"email":"test@test.com","password":"Testing12!"},"ip":"::1","method":"POST","path":"/auth/login","query":{},"userAgent":"Expo/2.31.6 CFNetwork/1568.100.1 Darwin/24.0.0"},"timestamp":"2024-10-24T02:23:41.471Z"}
{"level":"info","message":{"method":"POST","path":"/login","statusCode":200},"timestamp":"2024-10-24T02:23:42.208Z"}
{"level":"info","message":{"body":{"email":"test@test.com","password":"Testing12!"},"ip":"::1","method":"POST","path":"/auth/login","query":{},"userAgent":"Expo/2.31.6 CFNetwork/1568.100.1 Darwin/24.0.0"},"timestamp":"2024-10-24T02:28:54.671Z"}
{"level":"info","message":{"method":"POST","path":"/login","statusCode":200},"timestamp":"2024-10-24T02:28:55.072Z"}
{"level":"info","message":{"body":{"email":"test@test.com","password":"Testing12!"},"ip":"::1","method":"POST","path":"/auth/login","query":{},"userAgent":"Expo/2.31.6 CFNetwork/1568.100.1 Darwin/24.0.0"},"timestamp":"2024-10-24T02:34:56.224Z"}
{"level":"info","message":{"method":"POST","path":"/login","statusCode":200},"timestamp":"2024-10-24T02:34:56.682Z"}
{"level":"info","message":{"body":{"email":"test@test.com","password":"Testing12!"},"ip":"::1","method":"POST","path":"/auth/login","query":{},"userAgent":"Expo/2.31.6 CFNetwork/1568.100.1 Darwin/24.0.0"},"timestamp":"2024-10-24T02:38:28.331Z"}
{"level":"info","message":{"method":"POST","path":"/login","statusCode":200},"timestamp":"2024-10-24T02:38:28.651Z"}
{"level":"info","message":{"body":{"email":"test@test.com","password":"Testing12!"},"ip":"::1","method":"POST","path":"/auth/login","query":{},"userAgent":"Expo/2.31.6 CFNetwork/1568.100.1 Darwin/24.0.0"},"timestamp":"2024-10-24T02:41:49.101Z"}
{"level":"info","message":{"method":"POST","path":"/login","statusCode":200},"timestamp":"2024-10-24T02:41:49.395Z"}
{"level":"info","message":{"body":{"email":"test@test.com","password":"Testing12!"},"ip":"::1","method":"POST","path":"/auth/login","query":{},"userAgent":"Expo/2.31.6 CFNetwork/1568.100.1 Darwin/24.0.0"},"timestamp":"2024-10-24T02:46:22.645Z"}
{"level":"info","message":{"method":"POST","path":"/login","statusCode":200},"timestamp":"2024-10-24T02:46:23.590Z"}
{"level":"info","message":{"body":{"email":"test@test.com","password":"Testing12!"},"ip":"::1","method":"POST","path":"/auth/login","query":{},"userAgent":"Expo/2.31.6 CFNetwork/1568.100.1 Darwin/24.0.0"},"timestamp":"2024-10-24T02:50:38.581Z"}
{"level":"info","message":{"method":"POST","path":"/login","statusCode":200},"timestamp":"2024-10-24T02:50:38.967Z"}
{"level":"info","message":{"body":{"email":"test@test.com","password":"Testing12!"},"ip":"::1","method":"POST","path":"/auth/login","query":{},"userAgent":"Expo/2.31.6 CFNetwork/1568.100.1 Darwin/24.0.0"},"timestamp":"2024-10-24T02:55:10.653Z"}
{"level":"info","message":{"method":"POST","path":"/login","statusCode":200},"timestamp":"2024-10-24T02:55:11.040Z"}
{"level":"info","message":{"body":{"email":"test@test.com","password":"Testing12!"},"ip":"::ffff:127.0.0.1","method":"POST","path":"/auth/login","query":{},"userAgent":"okhttp/4.9.2"},"timestamp":"2024-10-24T03:22:52.841Z"}
{"level":"info","message":{"method":"POST","path":"/login","statusCode":200},"timestamp":"2024-10-24T03:22:53.348Z"}
{"level":"info","message":{"body":{"email":"test@test.coom","password":"Testing12!"},"ip":"::1","method":"POST","path":"/auth/login","query":{},"userAgent":"Expo/2.31.6 CFNetwork/1568.100.1 Darwin/24.0.0"},"timestamp":"2024-10-24T17:41:00.006Z"}
{"level":"info","message":{"method":"POST","path":"/login","statusCode":401},"timestamp":"2024-10-24T17:41:00.408Z"}
{"level":"info","message":{"body":{"email":"test@test.com","password":"Testing12!"},"ip":"::1","method":"POST","path":"/auth/login","query":{},"userAgent":"Expo/2.31.6 CFNetwork/1568.100.1 Darwin/24.0.0"},"timestamp":"2024-10-24T17:41:25.113Z"}
{"level":"info","message":{"method":"POST","path":"/login","statusCode":200},"timestamp":"2024-10-24T17:41:25.830Z"}
{"level":"info","message":{"body":{"email":"test@test.com","password":"Testing12!"},"ip":"::ffff:127.0.0.1","method":"POST","path":"/auth/login","query":{},"userAgent":"okhttp/4.9.2"},"timestamp":"2024-10-24T17:42:00.615Z"}
{"level":"info","message":{"method":"POST","path":"/login","statusCode":200},"timestamp":"2024-10-24T17:42:00.914Z"}
{"level":"info","message":{"body":{"email":"test@test.com","password":"Testing12!"},"ip":"::1","method":"POST","path":"/auth/login","query":{},"userAgent":"Expo/2.31.6 CFNetwork/1568.100.1 Darwin/24.0.0"},"timestamp":"2024-10-24T17:42:11.573Z"}
{"level":"info","message":{"method":"POST","path":"/login","statusCode":200},"timestamp":"2024-10-24T17:42:11.900Z"}
{"level":"info","message":{"body":{"email":"test@test.com","password":"Testing12!"},"ip":"::1","method":"POST","path":"/auth/login","query":{},"userAgent":"Expo/2.31.6 CFNetwork/1568.100.1 Darwin/24.0.0"},"timestamp":"2024-10-24T19:09:22.257Z"}
{"level":"info","message":{"method":"POST","path":"/login","statusCode":200},"timestamp":"2024-10-24T19:09:22.770Z"}
{"level":"info","message":{"body":{"email":"test@test.com","password":"Testing12!"},"ip":"::1","method":"POST","path":"/auth/login","query":{},"userAgent":"Expo/2.31.6 CFNetwork/1568.100.1 Darwin/24.0.0"},"timestamp":"2024-10-24T20:32:18.405Z"}
{"level":"info","message":{"method":"POST","path":"/login","statusCode":200},"timestamp":"2024-10-24T20:32:19.186Z"}
{"level":"info","message":{"body":{"email":"test@test.com","password":"Testing12!"},"ip":"::1","method":"POST","path":"/auth/login","query":{},"userAgent":"Expo/2.31.6 CFNetwork/1568.100.1 Darwin/24.0.0"},"timestamp":"2024-10-24T21:18:54.678Z"}
{"level":"info","message":{"method":"POST","path":"/login","statusCode":200},"timestamp":"2024-10-24T21:18:55.204Z"}
{"level":"info","message":{"body":{"email":"test@test.com","password":"Testing12!"},"ip":"::1","method":"POST","path":"/auth/login","query":{},"userAgent":"Expo/2.31.6 CFNetwork/1568.100.1 Darwin/24.0.0"},"timestamp":"2024-10-24T21:30:46.929Z"}
{"level":"info","message":{"method":"POST","path":"/login","statusCode":200},"timestamp":"2024-10-24T21:30:47.250Z"}
{"level":"info","message":{"body":{"email":"test@test.com","password":"Testing12!"},"ip":"::1","method":"POST","path":"/auth/login","query":{},"userAgent":"Expo/2.31.6 CFNetwork/1568.100.1 Darwin/24.0.0"},"timestamp":"2024-10-24T21:41:02.940Z"}
{"level":"info","message":{"method":"POST","path":"/login","statusCode":200},"timestamp":"2024-10-24T21:41:03.254Z"}
{"level":"info","message":{"body":{"email":"test@test.com","password":"Testing12!"},"ip":"::1","method":"POST","path":"/auth/login","query":{},"userAgent":"Expo/2.31.6 CFNetwork/1568.100.1 Darwin/24.0.0"},"timestamp":"2024-10-24T22:12:02.062Z"}
{"level":"info","message":{"method":"POST","path":"/login","statusCode":200},"timestamp":"2024-10-24T22:12:02.386Z"}
{"level":"info","message":{"body":{"email":"test@test.com","password":"Testing12!"},"ip":"::1","method":"POST","path":"/auth/login","query":{},"userAgent":"Expo/2.31.6 CFNetwork/1568.100.1 Darwin/24.0.0"},"timestamp":"2024-10-24T22:23:08.610Z"}
{"level":"info","message":{"method":"POST","path":"/login","statusCode":200},"timestamp":"2024-10-24T22:23:08.979Z"}
{"level":"info","message":{"body":{"email":"test@test.com","password":"Testing12!"},"ip":"::1","method":"POST","path":"/auth/login","query":{},"userAgent":"Expo/2.31.6 CFNetwork/1568.100.1 Darwin/24.0.0"},"timestamp":"2024-10-24T22:24:25.259Z"}
{"level":"info","message":{"method":"POST","path":"/login","statusCode":200},"timestamp":"2024-10-24T22:24:25.485Z"}
{"body":{},"level":"error","message":"request entity too large","method":"POST","path":"/wardrobe/uploadItem","stack":"PayloadTooLargeError: request entity too large\n    at readStream (/Users/pragadeesh/Developer/VirtualWardrobe/backend/node_modules/raw-body/index.js:155:17)\n    at getRawBody (/Users/pragadeesh/Developer/VirtualWardrobe/backend/node_modules/raw-body/index.js:108:12)\n    at read (/Users/pragadeesh/Developer/VirtualWardrobe/backend/node_modules/body-parser/lib/read.js:77:3)\n    at jsonParser (/Users/pragadeesh/Developer/VirtualWardrobe/backend/node_modules/body-parser/lib/types/json.js:135:5)\n    at Layer.handle [as handle_request] (/Users/pragadeesh/Developer/VirtualWardrobe/backend/node_modules/express/lib/router/layer.js:95:5)\n    at trim_prefix (/Users/pragadeesh/Developer/VirtualWardrobe/backend/node_modules/express/lib/router/index.js:317:13)\n    at /Users/pragadeesh/Developer/VirtualWardrobe/backend/node_modules/express/lib/router/index.js:284:7\n    at Function.process_params (/Users/pragadeesh/Developer/VirtualWardrobe/backend/node_modules/express/lib/router/index.js:335:12)\n    at next (/Users/pragadeesh/Developer/VirtualWardrobe/backend/node_modules/express/lib/router/index.js:275:10)\n    at cors (/Users/pragadeesh/Developer/VirtualWardrobe/backend/node_modules/cors/lib/index.js:188:7)","timestamp":"2024-10-24T22:24:36.881Z"}
{"level":"info","message":{"body":{"email":"test@test.com","password":"Testing12!"},"ip":"::1","method":"POST","path":"/auth/login","query":{},"userAgent":"Expo/2.31.6 CFNetwork/1568.100.1 Darwin/24.0.0"},"timestamp":"2024-10-24T22:31:59.697Z"}
{"level":"info","message":{"method":"POST","path":"/login","statusCode":200},"timestamp":"2024-10-24T22:31:59.997Z"}
{"level":"info","message":{"body":{"email":"test@test.com","password":"Testing12!"},"ip":"::1","method":"POST","path":"/auth/login","query":{},"userAgent":"Expo/2.31.6 CFNetwork/1568.100.1 Darwin/24.0.0"},"timestamp":"2024-10-24T22:41:54.310Z"}
{"level":"info","message":{"method":"POST","path":"/login","statusCode":200},"timestamp":"2024-10-24T22:41:54.823Z"}
{"level":"info","message":{"body":{},"ip":"::1","method":"POST","path":"/wardrobe/uploadItem","query":{},"userAgent":"Expo/2.31.6 CFNetwork/1568.100.1 Darwin/24.0.0"},"timestamp":"2024-10-24T22:42:12.453Z"}
{"level":"info","message":{"body":{},"ip":"::1","method":"POST","path":"/wardrobe/uploadItem","query":{},"userAgent":"Expo/2.31.6 CFNetwork/1568.100.1 Darwin/24.0.0"},"timestamp":"2024-10-24T22:43:20.509Z"}
{"level":"info","message":{"body":{},"ip":"::1","method":"POST","path":"/wardrobe/uploadItem","query":{},"userAgent":"Expo/2.31.6 CFNetwork/1568.100.1 Darwin/24.0.0"},"timestamp":"2024-10-24T22:43:22.371Z"}
{"level":"info","message":{"body":{},"ip":"::1","method":"POST","path":"/wardrobe/uploadItem","query":{},"userAgent":"Expo/2.31.6 CFNetwork/1568.100.1 Darwin/24.0.0"},"timestamp":"2024-10-24T22:44:11.001Z"}
{"level":"info","message":{"body":{},"ip":"::1","method":"POST","path":"/wardrobe/uploadItem","query":{},"userAgent":"Expo/2.31.6 CFNetwork/1568.100.1 Darwin/24.0.0"},"timestamp":"2024-10-24T23:26:02.398Z"}
{"body":{"clothName":"Pants","clothType":"Crop tops"},"level":"error","message":"No image file provided","method":"POST","path":"/wardrobe/uploadItem","stack":"Error: No image file provided\n    at /Users/pragadeesh/Developer/VirtualWardrobe/backend/dist/controllers/wardrobe.js:48:19\n    at Generator.next (<anonymous>)\n    at /Users/pragadeesh/Developer/VirtualWardrobe/backend/dist/controllers/wardrobe.js:8:71\n    at new Promise (<anonymous>)\n    at __awaiter (/Users/pragadeesh/Developer/VirtualWardrobe/backend/dist/controllers/wardrobe.js:4:12)\n    at uploadClothItem (/Users/pragadeesh/Developer/VirtualWardrobe/backend/dist/controllers/wardrobe.js:16:39)\n    at /Users/pragadeesh/Developer/VirtualWardrobe/backend/dist/routes/wardrobe.js:10:36\n    at Layer.handle [as handle_request] (/Users/pragadeesh/Developer/VirtualWardrobe/backend/node_modules/express/lib/router/layer.js:95:5)\n    at next (/Users/pragadeesh/Developer/VirtualWardrobe/backend/node_modules/express/lib/router/route.js:137:13)\n    at done (/Users/pragadeesh/Developer/VirtualWardrobe/backend/node_modules/multer/lib/make-middleware.js:45:7)","timestamp":"2024-10-24T23:26:02.496Z"}
{"level":"info","message":{"method":"POST","path":"/wardrobe/uploadItem","statusCode":400},"timestamp":"2024-10-24T23:26:02.497Z"}
{"level":"info","message":{"body":{"email":"test@test.com","password":"Testing12!"},"ip":"::1","method":"POST","path":"/auth/login","query":{},"userAgent":"Expo/2.31.6 CFNetwork/1568.100.1 Darwin/24.0.0"},"timestamp":"2024-10-24T23:29:28.430Z"}
{"level":"info","message":{"method":"POST","path":"/login","statusCode":200},"timestamp":"2024-10-24T23:29:28.937Z"}
{"level":"info","message":{"body":{},"ip":"::1","method":"POST","path":"/wardrobe/uploadItem","query":{},"userAgent":"Expo/2.31.6 CFNetwork/1568.100.1 Darwin/24.0.0"},"timestamp":"2024-10-24T23:29:37.920Z"}
{"body":{"clothName":"Qwwe","clothType":"Crop tops"},"level":"error","message":"No image file provided","method":"POST","path":"/wardrobe/uploadItem","stack":"Error: No image file provided\n    at /Users/pragadeesh/Developer/VirtualWardrobe/backend/dist/controllers/wardrobe.js:48:19\n    at Generator.next (<anonymous>)\n    at /Users/pragadeesh/Developer/VirtualWardrobe/backend/dist/controllers/wardrobe.js:8:71\n    at new Promise (<anonymous>)\n    at __awaiter (/Users/pragadeesh/Developer/VirtualWardrobe/backend/dist/controllers/wardrobe.js:4:12)\n    at uploadClothItem (/Users/pragadeesh/Developer/VirtualWardrobe/backend/dist/controllers/wardrobe.js:16:39)\n    at /Users/pragadeesh/Developer/VirtualWardrobe/backend/dist/routes/wardrobe.js:10:36\n    at Layer.handle [as handle_request] (/Users/pragadeesh/Developer/VirtualWardrobe/backend/node_modules/express/lib/router/layer.js:95:5)\n    at next (/Users/pragadeesh/Developer/VirtualWardrobe/backend/node_modules/express/lib/router/route.js:137:13)\n    at done (/Users/pragadeesh/Developer/VirtualWardrobe/backend/node_modules/multer/lib/make-middleware.js:45:7)","timestamp":"2024-10-24T23:29:37.924Z"}
{"level":"info","message":{"method":"POST","path":"/wardrobe/uploadItem","statusCode":400},"timestamp":"2024-10-24T23:29:37.924Z"}
{"level":"info","message":{"body":{},"ip":"::1","method":"POST","path":"/wardrobe/uploadItem","query":{},"userAgent":"Expo/2.31.6 CFNetwork/1568.100.1 Darwin/24.0.0"},"timestamp":"2024-10-24T23:30:10.360Z"}
{"body":{"clothName":"Qwwe","clothType":"Crop tops"},"level":"error","message":"No image file provided","method":"POST","path":"/wardrobe/uploadItem","stack":"Error: No image file provided\n    at /Users/pragadeesh/Developer/VirtualWardrobe/backend/dist/controllers/wardrobe.js:48:19\n    at Generator.next (<anonymous>)\n    at /Users/pragadeesh/Developer/VirtualWardrobe/backend/dist/controllers/wardrobe.js:8:71\n    at new Promise (<anonymous>)\n    at __awaiter (/Users/pragadeesh/Developer/VirtualWardrobe/backend/dist/controllers/wardrobe.js:4:12)\n    at uploadClothItem (/Users/pragadeesh/Developer/VirtualWardrobe/backend/dist/controllers/wardrobe.js:16:39)\n    at /Users/pragadeesh/Developer/VirtualWardrobe/backend/dist/routes/wardrobe.js:10:36\n    at Layer.handle [as handle_request] (/Users/pragadeesh/Developer/VirtualWardrobe/backend/node_modules/express/lib/router/layer.js:95:5)\n    at next (/Users/pragadeesh/Developer/VirtualWardrobe/backend/node_modules/express/lib/router/route.js:137:13)\n    at done (/Users/pragadeesh/Developer/VirtualWardrobe/backend/node_modules/multer/lib/make-middleware.js:45:7)","timestamp":"2024-10-24T23:30:10.362Z"}
{"level":"info","message":{"method":"POST","path":"/wardrobe/uploadItem","statusCode":400},"timestamp":"2024-10-24T23:30:10.362Z"}
{"level":"info","message":{"body":{},"ip":"::1","method":"POST","path":"/wardrobe/uploadItem","query":{},"userAgent":"Expo/2.31.6 CFNetwork/1568.100.1 Darwin/24.0.0"},"timestamp":"2024-10-24T23:30:13.847Z"}
{"body":{"clothName":"Qwwe","clothType":"Crop tops"},"level":"error","message":"No image file provided","method":"POST","path":"/wardrobe/uploadItem","stack":"Error: No image file provided\n    at /Users/pragadeesh/Developer/VirtualWardrobe/backend/dist/controllers/wardrobe.js:48:19\n    at Generator.next (<anonymous>)\n    at /Users/pragadeesh/Developer/VirtualWardrobe/backend/dist/controllers/wardrobe.js:8:71\n    at new Promise (<anonymous>)\n    at __awaiter (/Users/pragadeesh/Developer/VirtualWardrobe/backend/dist/controllers/wardrobe.js:4:12)\n    at uploadClothItem (/Users/pragadeesh/Developer/VirtualWardrobe/backend/dist/controllers/wardrobe.js:16:39)\n    at /Users/pragadeesh/Developer/VirtualWardrobe/backend/dist/routes/wardrobe.js:10:36\n    at Layer.handle [as handle_request] (/Users/pragadeesh/Developer/VirtualWardrobe/backend/node_modules/express/lib/router/layer.js:95:5)\n    at next (/Users/pragadeesh/Developer/VirtualWardrobe/backend/node_modules/express/lib/router/route.js:137:13)\n    at done (/Users/pragadeesh/Developer/VirtualWardrobe/backend/node_modules/multer/lib/make-middleware.js:45:7)","timestamp":"2024-10-24T23:30:13.852Z"}
{"level":"info","message":{"method":"POST","path":"/wardrobe/uploadItem","statusCode":400},"timestamp":"2024-10-24T23:30:13.852Z"}
{"level":"info","message":{"body":{},"ip":"::1","method":"POST","path":"/wardrobe/uploadItem","query":{},"userAgent":"Expo/2.31.6 CFNetwork/1568.100.1 Darwin/24.0.0"},"timestamp":"2024-10-24T23:30:14.783Z"}
{"body":{"clothName":"Qwwe","clothType":"Crop tops"},"level":"error","message":"No image file provided","method":"POST","path":"/wardrobe/uploadItem","stack":"Error: No image file provided\n    at /Users/pragadeesh/Developer/VirtualWardrobe/backend/dist/controllers/wardrobe.js:48:19\n    at Generator.next (<anonymous>)\n    at /Users/pragadeesh/Developer/VirtualWardrobe/backend/dist/controllers/wardrobe.js:8:71\n    at new Promise (<anonymous>)\n    at __awaiter (/Users/pragadeesh/Developer/VirtualWardrobe/backend/dist/controllers/wardrobe.js:4:12)\n    at uploadClothItem (/Users/pragadeesh/Developer/VirtualWardrobe/backend/dist/controllers/wardrobe.js:16:39)\n    at /Users/pragadeesh/Developer/VirtualWardrobe/backend/dist/routes/wardrobe.js:10:36\n    at Layer.handle [as handle_request] (/Users/pragadeesh/Developer/VirtualWardrobe/backend/node_modules/express/lib/router/layer.js:95:5)\n    at next (/Users/pragadeesh/Developer/VirtualWardrobe/backend/node_modules/express/lib/router/route.js:137:13)\n    at done (/Users/pragadeesh/Developer/VirtualWardrobe/backend/node_modules/multer/lib/make-middleware.js:45:7)","timestamp":"2024-10-24T23:30:14.787Z"}
{"level":"info","message":{"method":"POST","path":"/wardrobe/uploadItem","statusCode":400},"timestamp":"2024-10-24T23:30:14.788Z"}
{"level":"info","message":{"body":{},"ip":"::1","method":"POST","path":"/wardrobe/uploadItem","query":{},"userAgent":"Expo/2.31.6 CFNetwork/1568.100.1 Darwin/24.0.0"},"timestamp":"2024-10-24T23:30:19.866Z"}
{"body":{"clothName":"Qwwe","clothType":"Crop tops"},"level":"error","message":"No image file provided","method":"POST","path":"/wardrobe/uploadItem","stack":"Error: No image file provided\n    at /Users/pragadeesh/Developer/VirtualWardrobe/backend/dist/controllers/wardrobe.js:48:19\n    at Generator.next (<anonymous>)\n    at /Users/pragadeesh/Developer/VirtualWardrobe/backend/dist/controllers/wardrobe.js:8:71\n    at new Promise (<anonymous>)\n    at __awaiter (/Users/pragadeesh/Developer/VirtualWardrobe/backend/dist/controllers/wardrobe.js:4:12)\n    at uploadClothItem (/Users/pragadeesh/Developer/VirtualWardrobe/backend/dist/controllers/wardrobe.js:16:39)\n    at /Users/pragadeesh/Developer/VirtualWardrobe/backend/dist/routes/wardrobe.js:10:36\n    at Layer.handle [as handle_request] (/Users/pragadeesh/Developer/VirtualWardrobe/backend/node_modules/express/lib/router/layer.js:95:5)\n    at next (/Users/pragadeesh/Developer/VirtualWardrobe/backend/node_modules/express/lib/router/route.js:137:13)\n    at done (/Users/pragadeesh/Developer/VirtualWardrobe/backend/node_modules/multer/lib/make-middleware.js:45:7)","timestamp":"2024-10-24T23:30:19.871Z"}
{"level":"info","message":{"method":"POST","path":"/wardrobe/uploadItem","statusCode":400},"timestamp":"2024-10-24T23:30:19.872Z"}
{"level":"info","message":{"body":{},"ip":"::1","method":"POST","path":"/wardrobe/uploadItem","query":{},"userAgent":"Expo/2.31.6 CFNetwork/1568.100.1 Darwin/24.0.0"},"timestamp":"2024-10-24T23:31:34.120Z"}
{"body":{"clothName":"Are eqwewe","clothType":"Crop tops"},"level":"error","message":"No image file provided","method":"POST","path":"/wardrobe/uploadItem","stack":"Error: No image file provided\n    at /Users/pragadeesh/Developer/VirtualWardrobe/backend/dist/controllers/wardrobe.js:48:19\n    at Generator.next (<anonymous>)\n    at /Users/pragadeesh/Developer/VirtualWardrobe/backend/dist/controllers/wardrobe.js:8:71\n    at new Promise (<anonymous>)\n    at __awaiter (/Users/pragadeesh/Developer/VirtualWardrobe/backend/dist/controllers/wardrobe.js:4:12)\n    at uploadClothItem (/Users/pragadeesh/Developer/VirtualWardrobe/backend/dist/controllers/wardrobe.js:16:39)\n    at /Users/pragadeesh/Developer/VirtualWardrobe/backend/dist/routes/wardrobe.js:10:36\n    at Layer.handle [as handle_request] (/Users/pragadeesh/Developer/VirtualWardrobe/backend/node_modules/express/lib/router/layer.js:95:5)\n    at next (/Users/pragadeesh/Developer/VirtualWardrobe/backend/node_modules/express/lib/router/route.js:137:13)\n    at done (/Users/pragadeesh/Developer/VirtualWardrobe/backend/node_modules/multer/lib/make-middleware.js:45:7)","timestamp":"2024-10-24T23:31:34.126Z"}
{"level":"info","message":{"method":"POST","path":"/wardrobe/uploadItem","statusCode":400},"timestamp":"2024-10-24T23:31:34.127Z"}
{"level":"info","message":{"body":{},"ip":"::1","method":"POST","path":"/wardrobe/uploadItem","query":{},"userAgent":"Expo/2.31.6 CFNetwork/1568.100.1 Darwin/24.0.0"},"timestamp":"2024-10-24T23:33:14.523Z"}
{"body":{"clothName":"Are eqwewe","clothType":"Crop tops"},"level":"error","message":"No image file provided","method":"POST","path":"/wardrobe/uploadItem","stack":"Error: No image file provided\n    at /Users/pragadeesh/Developer/VirtualWardrobe/backend/dist/controllers/wardrobe.js:48:19\n    at Generator.next (<anonymous>)\n    at /Users/pragadeesh/Developer/VirtualWardrobe/backend/dist/controllers/wardrobe.js:8:71\n    at new Promise (<anonymous>)\n    at __awaiter (/Users/pragadeesh/Developer/VirtualWardrobe/backend/dist/controllers/wardrobe.js:4:12)\n    at uploadClothItem (/Users/pragadeesh/Developer/VirtualWardrobe/backend/dist/controllers/wardrobe.js:16:39)\n    at /Users/pragadeesh/Developer/VirtualWardrobe/backend/dist/routes/wardrobe.js:10:36\n    at Layer.handle [as handle_request] (/Users/pragadeesh/Developer/VirtualWardrobe/backend/node_modules/express/lib/router/layer.js:95:5)\n    at next (/Users/pragadeesh/Developer/VirtualWardrobe/backend/node_modules/express/lib/router/route.js:137:13)\n    at done (/Users/pragadeesh/Developer/VirtualWardrobe/backend/node_modules/multer/lib/make-middleware.js:45:7)","timestamp":"2024-10-24T23:33:14.527Z"}
{"level":"info","message":{"method":"POST","path":"/wardrobe/uploadItem","statusCode":400},"timestamp":"2024-10-24T23:33:14.528Z"}
{"level":"info","message":{"body":{},"ip":"::1","method":"POST","path":"/wardrobe/uploadItem","query":{},"userAgent":"Expo/2.31.6 CFNetwork/1568.100.1 Darwin/24.0.0"},"timestamp":"2024-10-24T23:33:20.125Z"}
{"body":{"clothName":"Are eqwewe","clothType":"Crop tops"},"level":"error","message":"No image file provided","method":"POST","path":"/wardrobe/uploadItem","stack":"Error: No image file provided\n    at /Users/pragadeesh/Developer/VirtualWardrobe/backend/dist/controllers/wardrobe.js:48:19\n    at Generator.next (<anonymous>)\n    at /Users/pragadeesh/Developer/VirtualWardrobe/backend/dist/controllers/wardrobe.js:8:71\n    at new Promise (<anonymous>)\n    at __awaiter (/Users/pragadeesh/Developer/VirtualWardrobe/backend/dist/controllers/wardrobe.js:4:12)\n    at uploadClothItem (/Users/pragadeesh/Developer/VirtualWardrobe/backend/dist/controllers/wardrobe.js:16:39)\n    at /Users/pragadeesh/Developer/VirtualWardrobe/backend/dist/routes/wardrobe.js:10:36\n    at Layer.handle [as handle_request] (/Users/pragadeesh/Developer/VirtualWardrobe/backend/node_modules/express/lib/router/layer.js:95:5)\n    at next (/Users/pragadeesh/Developer/VirtualWardrobe/backend/node_modules/express/lib/router/route.js:137:13)\n    at done (/Users/pragadeesh/Developer/VirtualWardrobe/backend/node_modules/multer/lib/make-middleware.js:45:7)","timestamp":"2024-10-24T23:33:20.131Z"}
{"level":"info","message":{"method":"POST","path":"/wardrobe/uploadItem","statusCode":400},"timestamp":"2024-10-24T23:33:20.131Z"}
{"level":"info","message":{"body":{},"ip":"::1","method":"POST","path":"/wardrobe/uploadItem","query":{},"userAgent":"Expo/2.31.6 CFNetwork/1568.100.1 Darwin/24.0.0"},"timestamp":"2024-10-24T23:33:59.594Z"}
{"body":{"clothName":"Are eqwewe","clothType":"Crop tops"},"level":"error","message":"No image file provided","method":"POST","path":"/wardrobe/uploadItem","stack":"Error: No image file provided\n    at /Users/pragadeesh/Developer/VirtualWardrobe/backend/dist/controllers/wardrobe.js:48:19\n    at Generator.next (<anonymous>)\n    at /Users/pragadeesh/Developer/VirtualWardrobe/backend/dist/controllers/wardrobe.js:8:71\n    at new Promise (<anonymous>)\n    at __awaiter (/Users/pragadeesh/Developer/VirtualWardrobe/backend/dist/controllers/wardrobe.js:4:12)\n    at uploadClothItem (/Users/pragadeesh/Developer/VirtualWardrobe/backend/dist/controllers/wardrobe.js:16:39)\n    at /Users/pragadeesh/Developer/VirtualWardrobe/backend/dist/routes/wardrobe.js:10:36\n    at Layer.handle [as handle_request] (/Users/pragadeesh/Developer/VirtualWardrobe/backend/node_modules/express/lib/router/layer.js:95:5)\n    at next (/Users/pragadeesh/Developer/VirtualWardrobe/backend/node_modules/express/lib/router/route.js:137:13)\n    at done (/Users/pragadeesh/Developer/VirtualWardrobe/backend/node_modules/multer/lib/make-middleware.js:45:7)","timestamp":"2024-10-24T23:33:59.604Z"}
{"level":"info","message":{"method":"POST","path":"/wardrobe/uploadItem","statusCode":400},"timestamp":"2024-10-24T23:33:59.605Z"}
{"level":"info","message":{"body":{},"ip":"::1","method":"POST","path":"/wardrobe/uploadItem","query":{},"userAgent":"Expo/2.31.6 CFNetwork/1568.100.1 Darwin/24.0.0"},"timestamp":"2024-10-24T23:34:27.388Z"}
{"body":{"clothName":"Are eqwewe","clothType":"Crop tops"},"level":"error","message":"No image file provided","method":"POST","path":"/wardrobe/uploadItem","stack":"Error: No image file provided\n    at /Users/pragadeesh/Developer/VirtualWardrobe/backend/dist/controllers/wardrobe.js:48:19\n    at Generator.next (<anonymous>)\n    at /Users/pragadeesh/Developer/VirtualWardrobe/backend/dist/controllers/wardrobe.js:8:71\n    at new Promise (<anonymous>)\n    at __awaiter (/Users/pragadeesh/Developer/VirtualWardrobe/backend/dist/controllers/wardrobe.js:4:12)\n    at uploadClothItem (/Users/pragadeesh/Developer/VirtualWardrobe/backend/dist/controllers/wardrobe.js:16:39)\n    at /Users/pragadeesh/Developer/VirtualWardrobe/backend/dist/routes/wardrobe.js:10:36\n    at Layer.handle [as handle_request] (/Users/pragadeesh/Developer/VirtualWardrobe/backend/node_modules/express/lib/router/layer.js:95:5)\n    at next (/Users/pragadeesh/Developer/VirtualWardrobe/backend/node_modules/express/lib/router/route.js:137:13)\n    at done (/Users/pragadeesh/Developer/VirtualWardrobe/backend/node_modules/multer/lib/make-middleware.js:45:7)","timestamp":"2024-10-24T23:34:27.391Z"}
{"level":"info","message":{"method":"POST","path":"/wardrobe/uploadItem","statusCode":400},"timestamp":"2024-10-24T23:34:27.392Z"}
{"level":"info","message":{"body":{},"ip":"::1","method":"POST","path":"/wardrobe/uploadItem","query":{},"userAgent":"Expo/2.31.6 CFNetwork/1568.100.1 Darwin/24.0.0"},"timestamp":"2024-10-24T23:35:48.946Z"}
{"body":{"clothName":"Are eqwewe","clothType":"Crop tops"},"level":"error","message":"No image file provided","method":"POST","path":"/wardrobe/uploadItem","stack":"Error: No image file provided\n    at /Users/pragadeesh/Developer/VirtualWardrobe/backend/dist/controllers/wardrobe.js:48:19\n    at Generator.next (<anonymous>)\n    at /Users/pragadeesh/Developer/VirtualWardrobe/backend/dist/controllers/wardrobe.js:8:71\n    at new Promise (<anonymous>)\n    at __awaiter (/Users/pragadeesh/Developer/VirtualWardrobe/backend/dist/controllers/wardrobe.js:4:12)\n    at uploadClothItem (/Users/pragadeesh/Developer/VirtualWardrobe/backend/dist/controllers/wardrobe.js:16:39)\n    at /Users/pragadeesh/Developer/VirtualWardrobe/backend/dist/routes/wardrobe.js:10:36\n    at Layer.handle [as handle_request] (/Users/pragadeesh/Developer/VirtualWardrobe/backend/node_modules/express/lib/router/layer.js:95:5)\n    at next (/Users/pragadeesh/Developer/VirtualWardrobe/backend/node_modules/express/lib/router/route.js:137:13)\n    at done (/Users/pragadeesh/Developer/VirtualWardrobe/backend/node_modules/multer/lib/make-middleware.js:45:7)","timestamp":"2024-10-24T23:35:48.949Z"}
{"level":"info","message":{"method":"POST","path":"/wardrobe/uploadItem","statusCode":400},"timestamp":"2024-10-24T23:35:48.949Z"}
{"level":"info","message":{"body":{},"ip":"::1","method":"POST","path":"/wardrobe/uploadItem","query":{},"userAgent":"Expo/2.31.6 CFNetwork/1568.100.1 Darwin/24.0.0"},"timestamp":"2024-10-24T23:36:08.623Z"}
{"body":{"clothName":"Are eqwewe","clothType":"Crop tops"},"level":"error","message":"No image file provided","method":"POST","path":"/wardrobe/uploadItem","stack":"Error: No image file provided\n    at /Users/pragadeesh/Developer/VirtualWardrobe/backend/dist/controllers/wardrobe.js:48:19\n    at Generator.next (<anonymous>)\n    at /Users/pragadeesh/Developer/VirtualWardrobe/backend/dist/controllers/wardrobe.js:8:71\n    at new Promise (<anonymous>)\n    at __awaiter (/Users/pragadeesh/Developer/VirtualWardrobe/backend/dist/controllers/wardrobe.js:4:12)\n    at uploadClothItem (/Users/pragadeesh/Developer/VirtualWardrobe/backend/dist/controllers/wardrobe.js:16:39)\n    at /Users/pragadeesh/Developer/VirtualWardrobe/backend/dist/routes/wardrobe.js:10:36\n    at Layer.handle [as handle_request] (/Users/pragadeesh/Developer/VirtualWardrobe/backend/node_modules/express/lib/router/layer.js:95:5)\n    at next (/Users/pragadeesh/Developer/VirtualWardrobe/backend/node_modules/express/lib/router/route.js:137:13)\n    at done (/Users/pragadeesh/Developer/VirtualWardrobe/backend/node_modules/multer/lib/make-middleware.js:45:7)","timestamp":"2024-10-24T23:36:08.626Z"}
{"level":"info","message":{"method":"POST","path":"/wardrobe/uploadItem","statusCode":400},"timestamp":"2024-10-24T23:36:08.626Z"}
{"level":"info","message":{"body":{},"ip":"::1","method":"POST","path":"/wardrobe/uploadItem","query":{},"userAgent":"Expo/2.31.6 CFNetwork/1568.100.1 Darwin/24.0.0"},"timestamp":"2024-10-24T23:36:44.555Z"}
{"body":{"clothName":"Are eqwewe","clothType":"Crop tops"},"level":"error","message":"No image file provided","method":"POST","path":"/wardrobe/uploadItem","stack":"Error: No image file provided\n    at /Users/pragadeesh/Developer/VirtualWardrobe/backend/dist/controllers/wardrobe.js:48:19\n    at Generator.next (<anonymous>)\n    at /Users/pragadeesh/Developer/VirtualWardrobe/backend/dist/controllers/wardrobe.js:8:71\n    at new Promise (<anonymous>)\n    at __awaiter (/Users/pragadeesh/Developer/VirtualWardrobe/backend/dist/controllers/wardrobe.js:4:12)\n    at uploadClothItem (/Users/pragadeesh/Developer/VirtualWardrobe/backend/dist/controllers/wardrobe.js:16:39)\n    at /Users/pragadeesh/Developer/VirtualWardrobe/backend/dist/routes/wardrobe.js:10:36\n    at Layer.handle [as handle_request] (/Users/pragadeesh/Developer/VirtualWardrobe/backend/node_modules/express/lib/router/layer.js:95:5)\n    at next (/Users/pragadeesh/Developer/VirtualWardrobe/backend/node_modules/express/lib/router/route.js:137:13)\n    at done (/Users/pragadeesh/Developer/VirtualWardrobe/backend/node_modules/multer/lib/make-middleware.js:45:7)","timestamp":"2024-10-24T23:36:44.558Z"}
{"level":"info","message":{"method":"POST","path":"/wardrobe/uploadItem","statusCode":400},"timestamp":"2024-10-24T23:36:44.558Z"}
{"level":"info","message":{"body":{},"ip":"::1","method":"POST","path":"/wardrobe/uploadItem","query":{},"userAgent":"Expo/2.31.6 CFNetwork/1568.100.1 Darwin/24.0.0"},"timestamp":"2024-10-24T23:37:10.410Z"}
{"body":{"clothName":"Are eqwewe","clothType":"Crop tops"},"level":"error","message":"No image file provided","method":"POST","path":"/wardrobe/uploadItem","stack":"Error: No image file provided\n    at /Users/pragadeesh/Developer/VirtualWardrobe/backend/dist/controllers/wardrobe.js:48:19\n    at Generator.next (<anonymous>)\n    at /Users/pragadeesh/Developer/VirtualWardrobe/backend/dist/controllers/wardrobe.js:8:71\n    at new Promise (<anonymous>)\n    at __awaiter (/Users/pragadeesh/Developer/VirtualWardrobe/backend/dist/controllers/wardrobe.js:4:12)\n    at uploadClothItem (/Users/pragadeesh/Developer/VirtualWardrobe/backend/dist/controllers/wardrobe.js:16:39)\n    at /Users/pragadeesh/Developer/VirtualWardrobe/backend/dist/routes/wardrobe.js:10:36\n    at Layer.handle [as handle_request] (/Users/pragadeesh/Developer/VirtualWardrobe/backend/node_modules/express/lib/router/layer.js:95:5)\n    at next (/Users/pragadeesh/Developer/VirtualWardrobe/backend/node_modules/express/lib/router/route.js:137:13)\n    at done (/Users/pragadeesh/Developer/VirtualWardrobe/backend/node_modules/multer/lib/make-middleware.js:45:7)","timestamp":"2024-10-24T23:37:10.413Z"}
{"level":"info","message":{"method":"POST","path":"/wardrobe/uploadItem","statusCode":400},"timestamp":"2024-10-24T23:37:10.414Z"}
{"level":"info","message":{"body":{"email":"test@test.com","password":"Testing12!"},"ip":"::1","method":"POST","path":"/auth/login","query":{},"userAgent":"Expo/2.31.6 CFNetwork/1568.100.1 Darwin/24.0.0"},"timestamp":"2024-10-24T23:39:58.083Z"}
{"level":"info","message":{"method":"POST","path":"/login","statusCode":200},"timestamp":"2024-10-24T23:39:58.409Z"}
{"level":"info","message":{"body":{},"ip":"::1","method":"POST","path":"/wardrobe/uploadItem","query":{},"userAgent":"Expo/2.31.6 CFNetwork/1568.100.1 Darwin/24.0.0"},"timestamp":"2024-10-24T23:40:36.561Z"}
{"body":{"clothName":"Pants","clothType":"Pants"},"level":"error","message":"Failed to process upload","method":"POST","path":"/wardrobe/uploadItem","stack":"Error: Failed to process upload\n    at /Users/pragadeesh/Developer/VirtualWardrobe/backend/dist/controllers/wardrobe.js:48:19\n    at Generator.throw (<anonymous>)\n    at rejected (/Users/pragadeesh/Developer/VirtualWardrobe/backend/dist/controllers/wardrobe.js:6:65)\n    at process.processTicksAndRejections (node:internal/process/task_queues:105:5)","timestamp":"2024-10-24T23:40:36.639Z"}
{"level":"info","message":{"method":"POST","path":"/wardrobe/uploadItem","statusCode":400},"timestamp":"2024-10-24T23:40:36.639Z"}
{"level":"info","message":{"body":{},"ip":"::1","method":"POST","path":"/wardrobe/uploadItem","query":{},"userAgent":"Expo/2.31.6 CFNetwork/1568.100.1 Darwin/24.0.0"},"timestamp":"2024-10-25T01:27:15.336Z"}
{"body":{},"level":"error","message":"Invalid or expired token","method":"POST","path":"/wardrobe/uploadItem","stack":"Error: Invalid or expired token\n    at /Users/pragadeesh/Developer/VirtualWardrobe/backend/dist/middlewares/auth.js:32:18\n    at Generator.throw (<anonymous>)\n    at rejected (/Users/pragadeesh/Developer/VirtualWardrobe/backend/dist/middlewares/auth.js:6:65)\n    at process.processTicksAndRejections (node:internal/process/task_queues:105:5)","timestamp":"2024-10-25T01:27:15.343Z"}
{"level":"info","message":{"method":"POST","path":"/wardrobe/uploadItem","statusCode":401},"timestamp":"2024-10-25T01:27:15.343Z"}
{"level":"info","message":{"body":{"email":"test@test.com","password":"Testing12!"},"ip":"::1","method":"POST","path":"/auth/login","query":{},"userAgent":"Expo/2.31.6 CFNetwork/1568.100.1 Darwin/24.0.0"},"timestamp":"2024-10-25T01:27:40.786Z"}
{"level":"info","message":{"method":"POST","path":"/login","statusCode":200},"timestamp":"2024-10-25T01:27:41.413Z"}
{"level":"info","message":{"body":{},"ip":"::1","method":"POST","path":"/wardrobe/uploadItem","query":{},"userAgent":"Expo/2.31.6 CFNetwork/1568.100.1 Darwin/24.0.0"},"timestamp":"2024-10-25T01:28:02.134Z"}
{"body":{"clothName":"Pants","clothType":"Crop tops"},"level":"error","message":"Failed to process upload","method":"POST","path":"/wardrobe/uploadItem","stack":"Error: Failed to process upload\n    at /Users/pragadeesh/Developer/VirtualWardrobe/backend/dist/controllers/wardrobe.js:48:19\n    at Generator.throw (<anonymous>)\n    at rejected (/Users/pragadeesh/Developer/VirtualWardrobe/backend/dist/controllers/wardrobe.js:6:65)\n    at process.processTicksAndRejections (node:internal/process/task_queues:105:5)","timestamp":"2024-10-25T01:28:02.147Z"}
{"level":"info","message":{"method":"POST","path":"/wardrobe/uploadItem","statusCode":400},"timestamp":"2024-10-25T01:28:02.147Z"}
{"level":"info","message":{"body":{},"ip":"::1","method":"POST","path":"/wardrobe/uploadItem","query":{},"userAgent":"Expo/2.31.6 CFNetwork/1568.100.1 Darwin/24.0.0"},"timestamp":"2024-10-25T01:28:56.684Z"}
{"body":{"clothName":"Pants","clothType":"Crop tops"},"level":"error","message":"Failed to save item details","method":"POST","path":"/wardrobe/uploadItem","stack":"Error: Failed to save item details\n    at /Users/pragadeesh/Developer/VirtualWardrobe/backend/dist/controllers/wardrobe.js:48:19\n    at Generator.throw (<anonymous>)\n    at rejected (/Users/pragadeesh/Developer/VirtualWardrobe/backend/dist/controllers/wardrobe.js:6:65)\n    at process.processTicksAndRejections (node:internal/process/task_queues:105:5)","timestamp":"2024-10-25T01:30:39.933Z"}
{"level":"info","message":{"method":"POST","path":"/wardrobe/uploadItem","statusCode":400},"timestamp":"2024-10-25T01:30:39.934Z"}
{"level":"info","message":{"body":{},"ip":"::1","method":"POST","path":"/wardrobe/uploadItem","query":{},"userAgent":"Expo/2.31.6 CFNetwork/1568.100.1 Darwin/24.0.0"},"timestamp":"2024-10-25T01:32:38.019Z"}
{"body":{"clothName":"Pants","clothType":"Crop tops"},"level":"error","message":"Failed to save item details","method":"POST","path":"/wardrobe/uploadItem","stack":"Error: Failed to save item details\n    at /Users/pragadeesh/Developer/VirtualWardrobe/backend/dist/controllers/wardrobe.js:48:19\n    at Generator.throw (<anonymous>)\n    at rejected (/Users/pragadeesh/Developer/VirtualWardrobe/backend/dist/controllers/wardrobe.js:6:65)\n    at process.processTicksAndRejections (node:internal/process/task_queues:105:5)","timestamp":"2024-10-25T01:32:45.223Z"}
{"level":"info","message":{"method":"POST","path":"/wardrobe/uploadItem","statusCode":400},"timestamp":"2024-10-25T01:32:45.225Z"}
{"level":"info","message":{"body":{},"ip":"::1","method":"POST","path":"/wardrobe/uploadItem","query":{},"userAgent":"Expo/2.31.6 CFNetwork/1568.100.1 Darwin/24.0.0"},"timestamp":"2024-10-25T01:37:17.357Z"}
{"body":{"clothName":"Pants","clothType":"Crop tops"},"level":"error","message":"Failed to save item details","method":"POST","path":"/wardrobe/uploadItem","stack":"Error: Failed to save item details\n    at /Users/pragadeesh/Developer/VirtualWardrobe/backend/dist/controllers/wardrobe.js:48:19\n    at Generator.throw (<anonymous>)\n    at rejected (/Users/pragadeesh/Developer/VirtualWardrobe/backend/dist/controllers/wardrobe.js:6:65)\n    at process.processTicksAndRejections (node:internal/process/task_queues:105:5)","timestamp":"2024-10-25T01:37:26.813Z"}
{"level":"info","message":{"method":"POST","path":"/wardrobe/uploadItem","statusCode":400},"timestamp":"2024-10-25T01:37:26.815Z"}
{"level":"info","message":{"body":{},"ip":"::1","method":"POST","path":"/wardrobe/uploadItem","query":{},"userAgent":"Expo/2.31.6 CFNetwork/1568.100.1 Darwin/24.0.0"},"timestamp":"2024-10-25T01:38:17.011Z"}
{"body":{"clothName":"Pants","clothType":"Crop tops"},"level":"error","message":"Failed to save item details","method":"POST","path":"/wardrobe/uploadItem","stack":"Error: Failed to save item details\n    at /Users/pragadeesh/Developer/VirtualWardrobe/backend/dist/controllers/wardrobe.js:48:19\n    at Generator.throw (<anonymous>)\n    at rejected (/Users/pragadeesh/Developer/VirtualWardrobe/backend/dist/controllers/wardrobe.js:6:65)\n    at process.processTicksAndRejections (node:internal/process/task_queues:105:5)","timestamp":"2024-10-25T01:38:24.075Z"}
{"level":"info","message":{"method":"POST","path":"/wardrobe/uploadItem","statusCode":400},"timestamp":"2024-10-25T01:38:24.077Z"}
{"level":"info","message":{"body":{},"ip":"::1","method":"POST","path":"/wardrobe/uploadItem","query":{},"userAgent":"Expo/2.31.6 CFNetwork/1568.100.1 Darwin/24.0.0"},"timestamp":"2024-10-25T01:41:44.327Z"}
{"body":{"clothName":"Pants","clothType":"Crop tops"},"level":"error","message":"Failed to save item details","method":"POST","path":"/wardrobe/uploadItem","stack":"Error: Failed to save item details\n    at /Users/pragadeesh/Developer/VirtualWardrobe/backend/dist/controllers/wardrobe.js:48:19\n    at Generator.throw (<anonymous>)\n    at rejected (/Users/pragadeesh/Developer/VirtualWardrobe/backend/dist/controllers/wardrobe.js:6:65)\n    at process.processTicksAndRejections (node:internal/process/task_queues:105:5)","timestamp":"2024-10-25T01:42:31.229Z"}
{"level":"info","message":{"method":"POST","path":"/wardrobe/uploadItem","statusCode":400},"timestamp":"2024-10-25T01:42:31.231Z"}
{"level":"info","message":{"body":{},"ip":"::1","method":"POST","path":"/wardrobe/uploadItem","query":{},"userAgent":"Expo/2.31.6 CFNetwork/1568.100.1 Darwin/24.0.0"},"timestamp":"2024-10-25T02:11:39.277Z"}
{"level":"info","message":{"method":"POST","path":"/uploadItem","statusCode":201},"timestamp":"2024-10-25T02:11:45.385Z"}
{"level":"info","message":{"body":{},"ip":"::1","method":"POST","path":"/wardrobe/uploadItem","query":{},"userAgent":"Expo/2.31.6 CFNetwork/1568.100.1 Darwin/24.0.0"},"timestamp":"2024-10-25T02:27:35.599Z"}
{"level":"info","message":{"method":"POST","path":"/uploadItem","statusCode":201},"timestamp":"2024-10-25T02:27:39.930Z"}
{"level":"info","message":{"body":{},"ip":"::1","method":"POST","path":"/wardrobe/uploadItem","query":{},"userAgent":"Expo/2.31.6 CFNetwork/1568.100.1 Darwin/24.0.0"},"timestamp":"2024-10-25T02:37:42.449Z"}
{"body":{},"level":"error","message":"Invalid or expired token","method":"POST","path":"/wardrobe/uploadItem","stack":"Error: Invalid or expired token\n    at /Users/pragadeesh/Developer/VirtualWardrobe/backend/dist/middlewares/auth.js:33:18\n    at Generator.throw (<anonymous>)\n    at rejected (/Users/pragadeesh/Developer/VirtualWardrobe/backend/dist/middlewares/auth.js:6:65)\n    at process.processTicksAndRejections (node:internal/process/task_queues:105:5)","timestamp":"2024-10-25T02:37:42.828Z"}
{"level":"info","message":{"method":"POST","path":"/wardrobe/uploadItem","statusCode":401},"timestamp":"2024-10-25T02:37:42.829Z"}
{"level":"info","message":{"body":{},"ip":"::1","method":"POST","path":"/wardrobe/uploadItem","query":{},"userAgent":"Expo/2.31.6 CFNetwork/1568.100.1 Darwin/24.0.0"},"timestamp":"2024-10-25T02:38:22.971Z"}
{"body":{},"level":"error","message":"Invalid or expired token","method":"POST","path":"/wardrobe/uploadItem","stack":"Error: Invalid or expired token\n    at /Users/pragadeesh/Developer/VirtualWardrobe/backend/dist/middlewares/auth.js:33:18\n    at Generator.throw (<anonymous>)\n    at rejected (/Users/pragadeesh/Developer/VirtualWardrobe/backend/dist/middlewares/auth.js:6:65)\n    at process.processTicksAndRejections (node:internal/process/task_queues:105:5)","timestamp":"2024-10-25T02:38:22.974Z"}
{"level":"info","message":{"method":"POST","path":"/wardrobe/uploadItem","statusCode":401},"timestamp":"2024-10-25T02:38:22.975Z"}
{"level":"info","message":{"body":{"email":"test@test.com","password":"Testing12!"},"ip":"::1","method":"POST","path":"/auth/login","query":{},"userAgent":"Expo/2.31.6 CFNetwork/1568.100.1 Darwin/24.0.0"},"timestamp":"2024-10-25T02:38:41.855Z"}
{"level":"info","message":{"method":"POST","path":"/login","statusCode":200},"timestamp":"2024-10-25T02:38:42.896Z"}
{"level":"info","message":{"body":{},"ip":"::1","method":"POST","path":"/wardrobe/uploadItem","query":{},"userAgent":"Expo/2.31.6 CFNetwork/1568.100.1 Darwin/24.0.0"},"timestamp":"2024-10-25T02:39:08.344Z"}
{"level":"info","message":{"method":"POST","path":"/uploadItem","statusCode":201},"timestamp":"2024-10-25T02:39:14.077Z"}
{"level":"info","message":{"body":{},"ip":"::1","method":"POST","path":"/wardrobe/uploadItem","query":{},"userAgent":"Expo/2.31.6 CFNetwork/1568.100.1 Darwin/24.0.0"},"timestamp":"2024-10-25T02:44:02.704Z"}
{"level":"info","message":{"method":"POST","path":"/uploadItem","statusCode":201},"timestamp":"2024-10-25T02:44:12.820Z"}
{"level":"info","message":{"body":{},"ip":"::1","method":"POST","path":"/wardrobe/uploadItem","query":{},"userAgent":"Expo/2.31.6 CFNetwork/1568.100.1 Darwin/24.0.0"},"timestamp":"2024-10-25T02:46:16.019Z"}
{"level":"info","message":{"method":"POST","path":"/uploadItem","statusCode":201},"timestamp":"2024-10-25T02:46:22.659Z"}
{"level":"info","message":{"body":{"email":"test@test.com","password":"Testing12!"},"ip":"::1","method":"POST","path":"/auth/login","query":{},"userAgent":"Expo/2.31.6 CFNetwork/1568.100.1 Darwin/24.0.0"},"timestamp":"2024-10-25T03:44:02.169Z"}
{"level":"info","message":{"method":"POST","path":"/login","statusCode":200},"timestamp":"2024-10-25T03:44:03.170Z"}
{"level":"info","message":{"body":{"userID":"eyJhbGciOiJSUzI1NiIsImtpZCI6IjcxOGY0ZGY5MmFkMTc1ZjZhMDMwN2FiNjVkOGY2N2YwNTRmYTFlNWYiLCJ0eXAiOiJKV1QifQ.eyJuYW1lIjoidGVzdCIsImlzcyI6Imh0dHBzOi8vc2VjdXJldG9rZW4uZ29vZ2xlLmNvbS92aXJ0dWFsd2FyZHJvYmUtMWUyYTEiLCJhdWQiOiJ2aXJ0dWFsd2FyZHJvYmUtMWUyYTEiLCJhdXRoX3RpbWUiOjE3Mjk4Mjc4NDIsInVzZXJfaWQiOiJmNENSMFNGYUtxZ1FSTjZ5amI3aWRvalN6OGsyIiwic3ViIjoiZjRDUjBTRmFLcWdRUk42eWpiN2lkb2pTejhrMiIsImlhdCI6MTcyOTgyNzg0MiwiZXhwIjoxNzI5ODMxNDQyLCJlbWFpbCI6InRlc3RAdGVzdC5jb20iLCJlbWFpbF92ZXJpZmllZCI6ZmFsc2UsImZpcmViYXNlIjp7ImlkZW50aXRpZXMiOnsiZW1haWwiOlsidGVzdEB0ZXN0LmNvbSJdfSwic2lnbl9pbl9wcm92aWRlciI6InBhc3N3b3JkIn19.pifXaBMUNP7PYtVDgAw50alWPQolPwpjmIqTm1qX6sEmo46OOPjpSN2uOo8Tb8B3rTM1PtKGCi74hByf6I8sfYyyvizSyHyQIurahYgloB7FbEMlrktdb25gB7Q4rAlxlPKAs187jKHXHpCd9AewO0MW2jlFznDtYDOstSVOMOT4Y8bvvuT2MgwmxlCFYuldMsGPSqTbRqZ_UW6AVr19YrKrOem79pPpzSH3T3P4gBf1Qo7J4kLeW2BEnATpCXmZOw99f4MA5GbiMXhVBZhUloAWP1_ze_8b5osnFwkLgDCrV6xb69WcxnHfWe7QjWTBl2q6tUzH9a_puJfdT8Z9uA"},"ip":"::1","method":"POST","path":"/wardrobe/getItem","query":{},"userAgent":"Expo/2.31.6 CFNetwork/1568.100.1 Darwin/24.0.0"},"timestamp":"2024-10-25T03:44:04.695Z"}
{"body":{"userID":"eyJhbGciOiJSUzI1NiIsImtpZCI6IjcxOGY0ZGY5MmFkMTc1ZjZhMDMwN2FiNjVkOGY2N2YwNTRmYTFlNWYiLCJ0eXAiOiJKV1QifQ.eyJuYW1lIjoidGVzdCIsImlzcyI6Imh0dHBzOi8vc2VjdXJldG9rZW4uZ29vZ2xlLmNvbS92aXJ0dWFsd2FyZHJvYmUtMWUyYTEiLCJhdWQiOiJ2aXJ0dWFsd2FyZHJvYmUtMWUyYTEiLCJhdXRoX3RpbWUiOjE3Mjk4Mjc4NDIsInVzZXJfaWQiOiJmNENSMFNGYUtxZ1FSTjZ5amI3aWRvalN6OGsyIiwic3ViIjoiZjRDUjBTRmFLcWdRUk42eWpiN2lkb2pTejhrMiIsImlhdCI6MTcyOTgyNzg0MiwiZXhwIjoxNzI5ODMxNDQyLCJlbWFpbCI6InRlc3RAdGVzdC5jb20iLCJlbWFpbF92ZXJpZmllZCI6ZmFsc2UsImZpcmViYXNlIjp7ImlkZW50aXRpZXMiOnsiZW1haWwiOlsidGVzdEB0ZXN0LmNvbSJdfSwic2lnbl9pbl9wcm92aWRlciI6InBhc3N3b3JkIn19.pifXaBMUNP7PYtVDgAw50alWPQolPwpjmIqTm1qX6sEmo46OOPjpSN2uOo8Tb8B3rTM1PtKGCi74hByf6I8sfYyyvizSyHyQIurahYgloB7FbEMlrktdb25gB7Q4rAlxlPKAs187jKHXHpCd9AewO0MW2jlFznDtYDOstSVOMOT4Y8bvvuT2MgwmxlCFYuldMsGPSqTbRqZ_UW6AVr19YrKrOem79pPpzSH3T3P4gBf1Qo7J4kLeW2BEnATpCXmZOw99f4MA5GbiMXhVBZhUloAWP1_ze_8b5osnFwkLgDCrV6xb69WcxnHfWe7QjWTBl2q6tUzH9a_puJfdT8Z9uA"},"level":"error","message":"Invalid or expired token","method":"POST","path":"/wardrobe/getItem","stack":"Error: Invalid or expired token\n    at /Users/pragadeesh/Developer/VirtualWardrobe/backend/dist/middlewares/auth.js:33:18\n    at Generator.throw (<anonymous>)\n    at rejected (/Users/pragadeesh/Developer/VirtualWardrobe/backend/dist/middlewares/auth.js:6:65)\n    at process.processTicksAndRejections (node:internal/process/task_queues:105:5)","timestamp":"2024-10-25T03:44:04.698Z"}
{"level":"info","message":{"method":"POST","path":"/wardrobe/getItem","statusCode":401},"timestamp":"2024-10-25T03:44:04.698Z"}
